[35m[1mConsolidate compiler generated dependencies of target sensor_combined_listener[0m
[35m[1mConsolidate compiler generated dependencies of target debug_vect_advertiser[0m
[35m[1mConsolidate compiler generated dependencies of target offboard_control_srv[0m
[35m[1mConsolidate compiler generated dependencies of target offboard_control[0m
[35m[1mConsolidate compiler generated dependencies of target vehicle_gps_position_listener[0m
[ 12%] Built target frame_transforms
[ 25%] [32mBuilding CXX object CMakeFiles/offboard_waypoint.dir/src/examples/offboard/offboard_waypoint.cpp.o[0m
[ 31%] Built target debug_vect_advertiser
[ 43%] Built target sensor_combined_listener
[ 68%] Built target offboard_control_srv
[ 68%] Built target vehicle_gps_position_listener
[ 81%] Built target offboard_waypoint_map
[ 93%] Built target offboard_control
[01m[K/home/ihw/workspace/AutonomousVehiclePlatform/ws_px4_control/src/px4_ros_com/src/examples/offboard/offboard_waypoint.cpp:55:11:[m[K [01;31m[Kfatal error: [m[Kgeometry_msgs/msg/point_stamped.hpp: No such file or directory
   55 |  #include [01;31m[K<geometry_msgs/msg/point_stamped.hpp>[m[K
      |           [01;31m[K^~~~~~~~~~~~~~~~~~~~~~~~~~~~~~~~~~~~~[m[K
compilation terminated.
gmake[2]: *** [CMakeFiles/offboard_waypoint.dir/build.make:76: CMakeFiles/offboard_waypoint.dir/src/examples/offboard/offboard_waypoint.cpp.o] Error 1
gmake[1]: *** [CMakeFiles/Makefile2:307: CMakeFiles/offboard_waypoint.dir/all] Error 2
gmake: *** [Makefile:146: all] Error 2
