[01m[K/home/ihw/workspace/AutonomousVehiclePlatform/ws_px4_control/src/px4_ros_com/src/examples/offboard/offboard_waypoint.cpp:34:1:[m[K [01;31m[Kerror: [m[Kexpected unqualified-id before numeric constant
   34 | [01;31m[K0[m[K
      | [01;31m[K^[m[K
[01m[K/home/ihw/workspace/AutonomousVehiclePlatform/ws_px4_control/src/px4_ros_com/src/examples/offboard/offboard_waypoint.cpp:36:47:[m[K [01;31m[Kerror: [m[Kâ€˜[01m[Kphase_[m[Kâ€™ does not name a type
   36 |   enum Phase { INIT, TAKEOFF, MISSION, DONE } [01;31m[Kphase_[m[K;
      |                                               [01;31m[K^~~~~~[m[K
[01m[K/home/ihw/workspace/AutonomousVehiclePlatform/ws_px4_control/src/px4_ros_com/src/examples/offboard/offboard_waypoint.cpp:[m[K In constructor â€˜[01m[KWaypointOffboard::WaypointOffboard()[m[Kâ€™:
[01m[K/home/ihw/workspace/AutonomousVehiclePlatform/ws_px4_control/src/px4_ros_com/src/examples/offboard/offboard_waypoint.cpp:15:32:[m[K [01;31m[Kerror: [m[Kclass â€˜[01m[KWaypointOffboard[m[Kâ€™ does not have any field named â€˜[01m[Kphase_[m[Kâ€™
   15 |   : Node("offboard_waypoint"), [01;31m[Kphase_[m[K(INIT), sp_counter_(0), wp_idx_(0)
      |                                [01;31m[K^~~~~~[m[K
[01m[K/home/ihw/workspace/AutonomousVehiclePlatform/ws_px4_control/src/px4_ros_com/src/examples/offboard/offboard_waypoint.cpp:15:39:[m[K [01;31m[Kerror: [m[Kâ€˜[01m[KINIT[m[Kâ€™ was not declared in this scope
   15 |   : Node("offboard_waypoint"), phase_([01;31m[KINIT[m[K), sp_counter_(0), wp_idx_(0)
      |                                       [01;31m[K^~~~[m[K
[01m[K/home/ihw/workspace/AutonomousVehiclePlatform/ws_px4_control/src/px4_ros_com/src/examples/offboard/offboard_waypoint.cpp:[m[K In member function â€˜[01m[Kvoid WaypointOffboard::loop()[m[Kâ€™:
[01m[K/home/ihw/workspace/AutonomousVehiclePlatform/ws_px4_control/src/px4_ros_com/src/examples/offboard/offboard_waypoint.cpp:52:13:[m[K [01;31m[Kerror: [m[Kâ€˜[01m[Kphase_[m[Kâ€™ was not declared in this scope
   52 |     switch ([01;31m[Kphase_[m[K) {
      |             [01;31m[K^~~~~~[m[K
[01m[K/home/ihw/workspace/AutonomousVehiclePlatform/ws_px4_control/src/px4_ros_com/src/examples/offboard/offboard_waypoint.cpp:53:10:[m[K [01;31m[Kerror: [m[Kâ€˜[01m[KINIT[m[Kâ€™ was not declared in this scope
   53 |     case [01;31m[KINIT[m[K:
      |          [01;31m[K^~~~[m[K
[01m[K/home/ihw/workspace/AutonomousVehiclePlatform/ws_px4_control/src/px4_ros_com/src/examples/offboard/offboard_waypoint.cpp:58:18:[m[K [01;31m[Kerror: [m[Kâ€˜[01m[KTAKEOFF[m[Kâ€™ was not declared in this scope; did you mean â€˜[01m[KTAKEOFF_Z[m[Kâ€™?
   58 |         phase_ = [01;31m[KTAKEOFF[m[K;
      |                  [01;31m[K^~~~~~~[m[K
      |                  [32m[KTAKEOFF_Z[m[K
[01m[K/home/ihw/workspace/AutonomousVehiclePlatform/ws_px4_control/src/px4_ros_com/src/examples/offboard/offboard_waypoint.cpp:63:10:[m[K [01;31m[Kerror: [m[Kâ€˜[01m[KTAKEOFF[m[Kâ€™ was not declared in this scope; did you mean â€˜[01m[KTAKEOFF_Z[m[Kâ€™?
   63 |     case [01;31m[KTAKEOFF[m[K:
      |          [01;31m[K^~~~~~~[m[K
      |          [32m[KTAKEOFF_Z[m[K
[01m[K/home/ihw/workspace/AutonomousVehiclePlatform/ws_px4_control/src/px4_ros_com/src/examples/offboard/offboard_waypoint.cpp:66:18:[m[K [01;31m[Kerror: [m[Kâ€˜[01m[KMISSION[m[Kâ€™ was not declared in this scope
   66 |         phase_ = [01;31m[KMISSION[m[K;
      |                  [01;31m[K^~~~~~~[m[K
[01m[K/home/ihw/workspace/AutonomousVehiclePlatform/ws_px4_control/src/px4_ros_com/src/examples/offboard/offboard_waypoint.cpp:71:10:[m[K [01;31m[Kerror: [m[Kâ€˜[01m[KMISSION[m[Kâ€™ was not declared in this scope
   71 |     case [01;31m[KMISSION[m[K:
      |          [01;31m[K^~~~~~~[m[K
[01m[K/home/ihw/workspace/AutonomousVehiclePlatform/ws_px4_control/src/px4_ros_com/src/examples/offboard/offboard_waypoint.cpp:72:52:[m[K [01;31m[Kerror: [m[Kâ€˜[01m[KDONE[m[Kâ€™ was not declared in this scope
   72 |       if (wp_idx_ >= waypoints_.size()) { phase_ = [01;31m[KDONE[m[K; break; }
      |                                                    [01;31m[K^~~~[m[K
[01m[K/home/ihw/workspace/AutonomousVehiclePlatform/ws_px4_control/src/px4_ros_com/src/examples/offboard/offboard_waypoint.cpp:85:10:[m[K [01;31m[Kerror: [m[Kâ€˜[01m[KDONE[m[Kâ€™ was not declared in this scope
   85 |     case [01;31m[KDONE[m[K:
      |          [01;31m[K^~~~[m[K
gmake[2]: *** [CMakeFiles/offboard_waypoint.dir/build.make:76: CMakeFiles/offboard_waypoint.dir/src/examples/offboard/offboard_waypoint.cpp.o] Error 1
gmake[1]: *** [CMakeFiles/Makefile2:307: CMakeFiles/offboard_waypoint.dir/all] Error 2
gmake: *** [Makefile:146: all] Error 2
