-- Found ament_cmake: 1.3.11 (/opt/ros/humble/share/ament_cmake/cmake)
-- Override CMake install command with custom implementation using symlinks instead of copying resources
-- Found builtin_interfaces: 1.2.1 (/opt/ros/humble/share/builtin_interfaces/cmake)
-- Found rosidl_generator_c: 3.1.6 (/opt/ros/humble/share/rosidl_generator_c/cmake)
-- Found rosidl_adapter: 3.1.6 (/opt/ros/humble/share/rosidl_adapter/cmake)
-- Found rosidl_generator_cpp: 3.1.6 (/opt/ros/humble/share/rosidl_generator_cpp/cmake)
-- Using all available rosidl_typesupport_c: rosidl_typesupport_fastrtps_c;rosidl_typesupport_introspection_c
-- Using all available rosidl_typesupport_cpp: rosidl_typesupport_fastrtps_cpp;rosidl_typesupport_introspection_cpp
-- Found eigen3_cmake_module: 0.1.1 (/opt/ros/humble/share/eigen3_cmake_module/cmake)
-- Found rclcpp: 16.0.12 (/opt/ros/humble/share/rclcpp/cmake)
-- Found rmw_implementation_cmake: 6.1.2 (/opt/ros/humble/share/rmw_implementation_cmake/cmake)
-- Found rmw_fastrtps_cpp: 6.2.7 (/opt/ros/humble/share/rmw_fastrtps_cpp/cmake)
-- Using RMW implementation 'rmw_fastrtps_cpp' as default
-- Found rclpy: 3.3.16 (/opt/ros/humble/share/rclpy/cmake)
-- Found px4_msgs: 2.0.1 (/home/ihw/workspace/AutonomousVehiclePlatform/ws_px4_control/install/px4_msgs/share/px4_msgs/cmake)
-- Found geometry_msgs: 4.8.0 (/opt/ros/humble/share/geometry_msgs/cmake)
-- Found sensor_msgs: 4.8.0 (/opt/ros/humble/share/sensor_msgs/cmake)
-- Found nav_msgs: 4.8.0 (/opt/ros/humble/share/nav_msgs/cmake)
-- Found tf2_ros: 0.25.12 (/opt/ros/humble/share/tf2_ros/cmake)
-- Found tf2_geometry_msgs: 0.25.12 (/opt/ros/humble/share/tf2_geometry_msgs/cmake)
-- Ensuring Eigen3 include directory is part of orocos-kdl CMake target
-- Found cv_bridge: 3.2.1 (/opt/ros/humble/share/cv_bridge/cmake)
-- Found visualization_msgs: 4.8.0 (/opt/ros/humble/share/visualization_msgs/cmake)
-- Configuring done
-- Generating done
-- Build files have been written to: /home/ihw/workspace/AutonomousVehiclePlatform/ws_px4_control/build/px4_ros_com
[35m[1mConsolidate compiler generated dependencies of target frame_transforms[0m
[ 12%] Built target frame_transforms
[35m[1mConsolidate compiler generated dependencies of target offboard_waypoint_map[0m
[ 25%] Built target offboard_waypoint_map
[35m[1mConsolidate compiler generated dependencies of target offboard_waypoint[0m
[ 31%] [32mBuilding CXX object CMakeFiles/offboard_waypoint.dir/src/examples/offboard/offboard_waypoint.cpp.o[0m
[01m[K/home/ihw/workspace/AutonomousVehiclePlatform/ws_px4_control/src/px4_ros_com/src/examples/offboard/offboard_waypoint.cpp:34:1:[m[K [01;31m[Kerror: [m[Kexpected unqualified-id before numeric constant
   34 | [01;31m[K0[m[K
      | [01;31m[K^[m[K
[01m[K/home/ihw/workspace/AutonomousVehiclePlatform/ws_px4_control/src/px4_ros_com/src/examples/offboard/offboard_waypoint.cpp:36:47:[m[K [01;31m[Kerror: [m[Kâ€˜[01m[Kphase_[m[Kâ€™ does not name a type
   36 |   enum Phase { INIT, TAKEOFF, MISSION, DONE } [01;31m[Kphase_[m[K;
      |                                               [01;31m[K^~~~~~[m[K
[01m[K/home/ihw/workspace/AutonomousVehiclePlatform/ws_px4_control/src/px4_ros_com/src/examples/offboard/offboard_waypoint.cpp:[m[K In constructor â€˜[01m[KWaypointOffboard::WaypointOffboard()[m[Kâ€™:
[01m[K/home/ihw/workspace/AutonomousVehiclePlatform/ws_px4_control/src/px4_ros_com/src/examples/offboard/offboard_waypoint.cpp:15:32:[m[K [01;31m[Kerror: [m[Kclass â€˜[01m[KWaypointOffboard[m[Kâ€™ does not have any field named â€˜[01m[Kphase_[m[Kâ€™
   15 |   : Node("offboard_waypoint"), [01;31m[Kphase_[m[K(INIT), sp_counter_(0), wp_idx_(0)
      |                                [01;31m[K^~~~~~[m[K
[01m[K/home/ihw/workspace/AutonomousVehiclePlatform/ws_px4_control/src/px4_ros_com/src/examples/offboard/offboard_waypoint.cpp:15:39:[m[K [01;31m[Kerror: [m[Kâ€˜[01m[KINIT[m[Kâ€™ was not declared in this scope
   15 |   : Node("offboard_waypoint"), phase_([01;31m[KINIT[m[K), sp_counter_(0), wp_idx_(0)
      |                                       [01;31m[K^~~~[m[K
[01m[K/home/ihw/workspace/AutonomousVehiclePlatform/ws_px4_control/src/px4_ros_com/src/examples/offboard/offboard_waypoint.cpp:[m[K In member function â€˜[01m[Kvoid WaypointOffboard::loop()[m[Kâ€™:
[01m[K/home/ihw/workspace/AutonomousVehiclePlatform/ws_px4_control/src/px4_ros_com/src/examples/offboard/offboard_waypoint.cpp:52:13:[m[K [01;31m[Kerror: [m[Kâ€˜[01m[Kphase_[m[Kâ€™ was not declared in this scope
   52 |     switch ([01;31m[Kphase_[m[K) {
      |             [01;31m[K^~~~~~[m[K
[01m[K/home/ihw/workspace/AutonomousVehiclePlatform/ws_px4_control/src/px4_ros_com/src/examples/offboard/offboard_waypoint.cpp:53:10:[m[K [01;31m[Kerror: [m[Kâ€˜[01m[KINIT[m[Kâ€™ was not declared in this scope
   53 |     case [01;31m[KINIT[m[K:
      |          [01;31m[K^~~~[m[K
[01m[K/home/ihw/workspace/AutonomousVehiclePlatform/ws_px4_control/src/px4_ros_com/src/examples/offboard/offboard_waypoint.cpp:58:18:[m[K [01;31m[Kerror: [m[Kâ€˜[01m[KTAKEOFF[m[Kâ€™ was not declared in this scope; did you mean â€˜[01m[KTAKEOFF_Z[m[Kâ€™?
   58 |         phase_ = [01;31m[KTAKEOFF[m[K;
      |                  [01;31m[K^~~~~~~[m[K
      |                  [32m[KTAKEOFF_Z[m[K
[01m[K/home/ihw/workspace/AutonomousVehiclePlatform/ws_px4_control/src/px4_ros_com/src/examples/offboard/offboard_waypoint.cpp:63:10:[m[K [01;31m[Kerror: [m[Kâ€˜[01m[KTAKEOFF[m[Kâ€™ was not declared in this scope; did you mean â€˜[01m[KTAKEOFF_Z[m[Kâ€™?
   63 |     case [01;31m[KTAKEOFF[m[K:
      |          [01;31m[K^~~~~~~[m[K
      |          [32m[KTAKEOFF_Z[m[K
[01m[K/home/ihw/workspace/AutonomousVehiclePlatform/ws_px4_control/src/px4_ros_com/src/examples/offboard/offboard_waypoint.cpp:66:18:[m[K [01;31m[Kerror: [m[Kâ€˜[01m[KMISSION[m[Kâ€™ was not declared in this scope
   66 |         phase_ = [01;31m[KMISSION[m[K;
      |                  [01;31m[K^~~~~~~[m[K
[01m[K/home/ihw/workspace/AutonomousVehiclePlatform/ws_px4_control/src/px4_ros_com/src/examples/offboard/offboard_waypoint.cpp:71:10:[m[K [01;31m[Kerror: [m[Kâ€˜[01m[KMISSION[m[Kâ€™ was not declared in this scope
   71 |     case [01;31m[KMISSION[m[K:
      |          [01;31m[K^~~~~~~[m[K
[01m[K/home/ihw/workspace/AutonomousVehiclePlatform/ws_px4_control/src/px4_ros_com/src/examples/offboard/offboard_waypoint.cpp:72:52:[m[K [01;31m[Kerror: [m[Kâ€˜[01m[KDONE[m[Kâ€™ was not declared in this scope
   72 |       if (wp_idx_ >= waypoints_.size()) { phase_ = [01;31m[KDONE[m[K; break; }
      |                                                    [01;31m[K^~~~[m[K
[01m[K/home/ihw/workspace/AutonomousVehiclePlatform/ws_px4_control/src/px4_ros_com/src/examples/offboard/offboard_waypoint.cpp:85:10:[m[K [01;31m[Kerror: [m[Kâ€˜[01m[KDONE[m[Kâ€™ was not declared in this scope
   85 |     case [01;31m[KDONE[m[K:
      |          [01;31m[K^~~~[m[K
gmake[2]: *** [CMakeFiles/offboard_waypoint.dir/build.make:76: CMakeFiles/offboard_waypoint.dir/src/examples/offboard/offboard_waypoint.cpp.o] Error 1
gmake[1]: *** [CMakeFiles/Makefile2:307: CMakeFiles/offboard_waypoint.dir/all] Error 2
gmake: *** [Makefile:146: all] Error 2
