[0.060s] Invoking command in '/home/ihw/workspace/AutonomousVehiclePlatform/ws_px4_control/build/px4_ros_com': CMAKE_PREFIX_PATH=/home/ihw/workspace/AutonomousVehiclePlatform/ws_px4_control/install/px4_msgs:/home/ihw/workspace/AutonomousVehiclePlatform/ws_px4_control/install/utilities_pkg:/home/ihw/workspace/AutonomousVehiclePlatform/ws_px4_control/install/px4_ros_com:/home/ihw/workspace/kai_2025/install/yolo_bringup:/home/ihw/workspace/kai_2025/install/yolo_msgs:/home/ihw/workspace/kai_2025/install/usb_cam:/home/ihw/workspace/kai_2025/install/reference_path_classifier:/home/ihw/workspace/AutonomousVehiclePlatform/ws_px4_control/install/ofb_ctrl:/home/ihw/workspace/kai_2025/install/yolo_ros:/home/ihw/workspace/kai_2025/install/simple_slam:/home/ihw/workspace/kai_2025/install/ros2_camera_lidar_fusion_l:/home/ihw/workspace/kai_2025/install/ros2_camera_lidar_fusion_c:/home/ihw/workspace/kai_2025/install/ros2_camera_lidar_fusion:/home/ihw/workspace/kai_2025/install/hungarian_association:/opt/ros/humble:/home/ihw/workspace/kai_2025/install/pure_pursuit_controller:/home/ihw/workspace/kai_2025/install/ouster_ros:/home/ihw/workspace/kai_2025/install/ouster_sensor_msgs:/home/ihw/workspace/kai_2025/install/motion_track_controller:/home/ihw/workspace/kai_2025/install/gps_global_planner:/home/ihw/workspace/kai_2025/install/cones_ukf:/home/ihw/workspace/kai_2025/install/cones_no_color:/home/ihw/workspace/kai_2025/install/cone_detection:/home/ihw/workspace/kai_2025/install/custom_interface:/home/ihw/workspace/kai_2025/install/ackermann_msgs LD_LIBRARY_PATH=/home/ihw/workspace/AutonomousVehiclePlatform/ws_px4_control/install/px4_msgs/lib:/home/ihw/workspace/AutonomousVehiclePlatform/ws_px4_control/install/px4_ros_com/lib:/home/ihw/workspace/kai_2025/install/yolo_msgs/lib:/home/ihw/workspace/kai_2025/install/usb_cam/lib:/home/ihw/workspace/kai_2025/install/ouster_ros/lib:/home/ihw/workspace/kai_2025/install/ouster_sensor_msgs/lib:/home/ihw/workspace/kai_2025/install/custom_interface/lib:/home/ihw/workspace/kai_2025/install/ackermann_msgs/lib:/opt/ros/humble/opt/rviz_ogre_vendor/lib:/opt/ros/humble/lib/x86_64-linux-gnu:/opt/ros/humble/lib /usr/bin/cmake --build /home/ihw/workspace/AutonomousVehiclePlatform/ws_px4_control/build/px4_ros_com -- -j16 -l16
[0.223s] -- Found ament_cmake: 1.3.11 (/opt/ros/humble/share/ament_cmake/cmake)
[0.854s] -- Override CMake install command with custom implementation using symlinks instead of copying resources
[0.898s] -- Found builtin_interfaces: 1.2.1 (/opt/ros/humble/share/builtin_interfaces/cmake)
[1.005s] -- Found rosidl_generator_c: 3.1.6 (/opt/ros/humble/share/rosidl_generator_c/cmake)
[1.018s] -- Found rosidl_adapter: 3.1.6 (/opt/ros/humble/share/rosidl_adapter/cmake)
[1.033s] -- Found rosidl_generator_cpp: 3.1.6 (/opt/ros/humble/share/rosidl_generator_cpp/cmake)
[1.079s] -- Using all available rosidl_typesupport_c: rosidl_typesupport_fastrtps_c;rosidl_typesupport_introspection_c
[1.127s] -- Using all available rosidl_typesupport_cpp: rosidl_typesupport_fastrtps_cpp;rosidl_typesupport_introspection_cpp
[1.163s] -- Found eigen3_cmake_module: 0.1.1 (/opt/ros/humble/share/eigen3_cmake_module/cmake)
[1.176s] -- Found rclcpp: 16.0.12 (/opt/ros/humble/share/rclcpp/cmake)
[1.277s] -- Found rmw_implementation_cmake: 6.1.2 (/opt/ros/humble/share/rmw_implementation_cmake/cmake)
[1.291s] -- Found rmw_fastrtps_cpp: 6.2.7 (/opt/ros/humble/share/rmw_fastrtps_cpp/cmake)
[1.644s] -- Using RMW implementation 'rmw_fastrtps_cpp' as default
[1.815s] -- Found rclpy: 3.3.16 (/opt/ros/humble/share/rclpy/cmake)
[1.815s] -- Found px4_msgs: 2.0.1 (/home/ihw/workspace/AutonomousVehiclePlatform/ws_px4_control/install/px4_msgs/share/px4_msgs/cmake)
[1.852s] -- Found geometry_msgs: 4.8.0 (/opt/ros/humble/share/geometry_msgs/cmake)
[1.880s] -- Found sensor_msgs: 4.8.0 (/opt/ros/humble/share/sensor_msgs/cmake)
[1.927s] -- Found nav_msgs: 4.8.0 (/opt/ros/humble/share/nav_msgs/cmake)
[1.982s] -- Found visualization_msgs: 4.8.0 (/opt/ros/humble/share/visualization_msgs/cmake)
[2.030s] -- Found tf2_ros: 0.25.12 (/opt/ros/humble/share/tf2_ros/cmake)
[2.326s] -- Found tf2_geometry_msgs: 0.25.12 (/opt/ros/humble/share/tf2_geometry_msgs/cmake)
[2.340s] -- Ensuring Eigen3 include directory is part of orocos-kdl CMake target
[2.342s] -- Found cv_bridge: 3.2.1 (/opt/ros/humble/share/cv_bridge/cmake)
[2.761s] -- Configuring done
[2.975s] -- Generating done
[3.043s] -- Build files have been written to: /home/ihw/workspace/AutonomousVehiclePlatform/ws_px4_control/build/px4_ros_com
[3.161s] [35m[1mConsolidate compiler generated dependencies of target frame_transforms[0m
[3.237s] [ 12%] Built target frame_transforms
[3.282s] [35m[1mConsolidate compiler generated dependencies of target offboard_waypoint_map[0m
[3.346s] [ 18%] [32mBuilding CXX object CMakeFiles/offboard_waypoint_map.dir/src/examples/offboard/offboard_waypoint_map.cpp.o[0m
[15.277s] [01m[K/home/ihw/workspace/AutonomousVehiclePlatform/ws_px4_control/src/px4_ros_com/src/examples/offboard/offboard_waypoint_map.cpp:219:32:[m[K [01;31m[Kerror: [m[Kâ€˜[01m[KVehicle[m[Kâ€™ is not a member of â€˜[01m[Kpx4_msgs::msg[m[Kâ€™
[15.278s]   219 |   std::optional<px4_msgs::msg::[01;31m[KVehicle[m[K
[15.279s]       |                                [01;31m[K^~~~~~~[m[K
[15.279s] [01m[K/home/ihw/workspace/AutonomousVehiclePlatform/ws_px4_control/src/px4_ros_com/src/examples/offboard/offboard_waypoint_map.cpp:219:32:[m[K [01;31m[Kerror: [m[Ktemplate argument 1 is invalid
[15.280s] [01m[K/home/ihw/workspace/AutonomousVehiclePlatform/ws_px4_control/src/px4_ros_com/src/examples/offboard/offboard_waypoint_map.cpp:219:39:[m[K [01;31m[Kerror: [m[Kexpected unqualified-id at end of input
[15.281s]   219 |   std::optional<px4_msgs::msg::Vehicle
[15.283s]       |                                       [01;31m[K^[m[K
[15.284s] [01m[K/home/ihw/workspace/AutonomousVehiclePlatform/ws_px4_control/src/px4_ros_com/src/examples/offboard/offboard_waypoint_map.cpp:219:39:[m[K [01;31m[Kerror: [m[Kexpected â€˜[01m[K}[m[Kâ€™ at end of input
[15.285s] [01m[K/home/ihw/workspace/AutonomousVehiclePlatform/ws_px4_control/src/px4_ros_com/src/examples/offboard/offboard_waypoint_map.cpp:35:1:[m[K [01;36m[Knote: [m[Kto match this â€˜[01m[K{[m[Kâ€™
[15.285s]    35 | [01;36m[K{[m[K
[15.286s]       | [01;36m[K^[m[K
[15.286s] [01m[K/home/ihw/workspace/AutonomousVehiclePlatform/ws_px4_control/src/px4_ros_com/src/examples/offboard/offboard_waypoint_map.cpp:[m[K In constructor â€˜[01m[KOffboardWaypointMap::OffboardWaypointMap()[m[Kâ€™:
[15.287s] [01m[K/home/ihw/workspace/AutonomousVehiclePlatform/ws_px4_control/src/px4_ros_com/src/examples/offboard/offboard_waypoint_map.cpp:42:47:[m[K [01;31m[Kerror: [m[Kclass â€˜[01m[KOffboardWaypointMap[m[Kâ€™ does not have any field named â€˜[01m[Kstate_[m[Kâ€™
[15.287s]    42 |     current_wp_idx_(0), offboard_counter_(0), [01;31m[Kstate_[m[K(State::WAIT_SIGNAL),
[15.287s]       |                                               [01;31m[K^~~~~~[m[K
[15.288s] [01m[K/home/ihw/workspace/AutonomousVehiclePlatform/ws_px4_control/src/px4_ros_com/src/examples/offboard/offboard_waypoint_map.cpp:43:5:[m[K [01;31m[Kerror: [m[Kclass â€˜[01m[KOffboardWaypointMap[m[Kâ€™ does not have any field named â€˜[01m[Kstart_signal_received_[m[Kâ€™
[15.289s]    43 |     [01;31m[Kstart_signal_received_[m[K(false), takeoff_done_pub_(false)
[15.289s]       |     [01;31m[K^~~~~~~~~~~~~~~~~~~~~~[m[K
[15.363s] [01m[K/home/ihw/workspace/AutonomousVehiclePlatform/ws_px4_control/src/px4_ros_com/src/examples/offboard/offboard_waypoint_map.cpp:68:5:[m[K [01;31m[Kerror: [m[Kâ€˜[01m[Kmap_frame_[m[Kâ€™ was not declared in this scope
[15.363s]    68 |     [01;31m[Kmap_frame_[m[K  = get_parameter("map_frame").as_string();
[15.363s]       |     [01;31m[K^~~~~~~~~~[m[K
[15.391s] [01m[K/home/ihw/workspace/AutonomousVehiclePlatform/ws_px4_control/src/px4_ros_com/src/examples/offboard/offboard_waypoint_map.cpp:69:5:[m[K [01;31m[Kerror: [m[Kâ€˜[01m[Kbase_frame_[m[Kâ€™ was not declared in this scope; did you mean â€˜[01m[Kbasename[m[Kâ€™?
[15.392s]    69 |     [01;31m[Kbase_frame_[m[K = get_parameter("base_frame").as_string();
[15.392s]       |     [01;31m[K^~~~~~~~~~~[m[K
[15.393s]       |     [32m[Kbasename[m[K
[15.417s] [01m[K/home/ihw/workspace/AutonomousVehiclePlatform/ws_px4_control/src/px4_ros_com/src/examples/offboard/offboard_waypoint_map.cpp:70:5:[m[K [01;31m[Kerror: [m[Kâ€˜[01m[Ktakeoff_alt_m_[m[Kâ€™ was not declared in this scope
[15.418s]    70 |     [01;31m[Ktakeoff_alt_m_[m[K = get_parameter("takeoff_alt").as_double();
[15.418s]       |     [01;31m[K^~~~~~~~~~~~~~[m[K
[15.492s] [01m[K/home/ihw/workspace/AutonomousVehiclePlatform/ws_px4_control/src/px4_ros_com/src/examples/offboard/offboard_waypoint_map.cpp:[m[K In member function â€˜[01m[Kvoid OffboardWaypointMap::publishWaypointMarkers()[m[Kâ€™:
[15.492s] [01m[K/home/ihw/workspace/AutonomousVehiclePlatform/ws_px4_control/src/px4_ros_com/src/examples/offboard/offboard_waypoint_map.cpp:105:29:[m[K [01;31m[Kerror: [m[Kâ€˜[01m[Kmap_frame_[m[Kâ€™ was not declared in this scope
[15.493s]   105 |       sph.header.frame_id = [01;31m[Kmap_frame_[m[K; sph.header.stamp = stamp;
[15.493s]       |                             [01;31m[K^~~~~~~~~~[m[K
[15.558s] [01m[K/home/ihw/workspace/AutonomousVehiclePlatform/ws_px4_control/src/px4_ros_com/src/examples/offboard/offboard_waypoint_map.cpp:[m[K In member function â€˜[01m[Kvoid OffboardWaypointMap::localPosCb(px4_msgs::msg::VehicleLocalPosition_<std::allocator<void> >::UniquePtr)[m[Kâ€™:
[15.558s] [01m[K/home/ihw/workspace/AutonomousVehiclePlatform/ws_px4_control/src/px4_ros_com/src/examples/offboard/offboard_waypoint_map.cpp:128:79:[m[K [01;31m[Kerror: [m[Kâ€˜[01m[Klast_local_pos_[m[Kâ€™ was not declared in this scope
[15.558s]   128 | const px4_msgs::msg::VehicleLocalPosition::UniquePtr msg) { [01;31m[Klast_local_pos_[m[K = *msg; }
[15.558s]       |                                                             [01;31m[K^~~~~~~~~~~~~~~[m[K
[15.558s] 
[15.601s] [01m[K/home/ihw/workspace/AutonomousVehiclePlatform/ws_px4_control/src/px4_ros_com/src/examples/offboard/offboard_waypoint_map.cpp:[m[K In member function â€˜[01m[Kvoid OffboardWaypointMap::oneFeedbackCb(std_msgs::msg::Int32_<std::allocator<void> >::SharedPtr)[m[Kâ€™:
[15.602s] [01m[K/home/ihw/workspace/AutonomousVehiclePlatform/ws_px4_control/src/px4_ros_com/src/examples/offboard/offboard_waypoint_map.cpp:132:28:[m[K [01;31m[Kerror: [m[Kâ€˜[01m[Kstart_signal_received_[m[Kâ€™ was not declared in this scope
[15.602s]   132 |     if (msg->data == 1 && ![01;31m[Kstart_signal_received_[m[K) {
[15.603s]       |                            [01;31m[K^~~~~~~~~~~~~~~~~~~~~~[m[K
[15.620s] [01m[K/home/ihw/workspace/AutonomousVehiclePlatform/ws_px4_control/src/px4_ros_com/src/examples/offboard/offboard_waypoint_map.cpp:135:7:[m[K [01;31m[Kerror: [m[Kâ€˜[01m[Kstate_[m[Kâ€™ was not declared in this scope; did you mean â€˜[01m[KState[m[Kâ€™?
[15.620s]   135 |       [01;31m[Kstate_[m[K = State::INIT;
[15.620s]       |       [01;31m[K^~~~~~[m[K
[15.620s]       |       [32m[KState[m[K
[15.669s] [01m[K/home/ihw/workspace/AutonomousVehiclePlatform/ws_px4_control/src/px4_ros_com/src/examples/offboard/offboard_waypoint_map.cpp:[m[K In member function â€˜[01m[Kstd::optional<OffboardWaypointMap::ENU> OffboardWaypointMap::currentENU()[m[Kâ€™:
[15.669s] [01m[K/home/ihw/workspace/AutonomousVehiclePlatform/ws_px4_control/src/px4_ros_com/src/examples/offboard/offboard_waypoint_map.cpp:143:44:[m[K [01;31m[Kerror: [m[Kâ€˜[01m[Kmap_frame_[m[Kâ€™ was not declared in this scope
[15.669s]   143 |       auto tf = tf_buffer_.lookupTransform([01;31m[Kmap_frame_[m[K, base_frame_, tf2::TimePointZero, 20ms);
[15.669s]       |                                            [01;31m[K^~~~~~~~~~[m[K
[15.686s] [01m[K/home/ihw/workspace/AutonomousVehiclePlatform/ws_px4_control/src/px4_ros_com/src/examples/offboard/offboard_waypoint_map.cpp:143:56:[m[K [01;31m[Kerror: [m[Kâ€˜[01m[Kbase_frame_[m[Kâ€™ was not declared in this scope; did you mean â€˜[01m[Kbasename[m[Kâ€™?
[15.687s]   143 |       auto tf = tf_buffer_.lookupTransform(map_frame_, [01;31m[Kbase_frame_[m[K, tf2::TimePointZero, 20ms);
[15.687s]       |                                                        [01;31m[K^~~~~~~~~~~[m[K
[15.687s]       |                                                        [32m[Kbasename[m[K
[15.714s] [01m[K/home/ihw/workspace/AutonomousVehiclePlatform/ws_px4_control/src/px4_ros_com/src/examples/offboard/offboard_waypoint_map.cpp:[m[K In member function â€˜[01m[Kvoid OffboardWaypointMap::timerCb()[m[Kâ€™:
[15.714s] [01m[K/home/ihw/workspace/AutonomousVehiclePlatform/ws_px4_control/src/px4_ros_com/src/examples/offboard/offboard_waypoint_map.cpp:154:10:[m[K [01;31m[Kerror: [m[Kâ€˜[01m[Klast_local_pos_[m[Kâ€™ was not declared in this scope
[15.714s]   154 |     if (![01;31m[Klast_local_pos_[m[K) return;
[15.714s]       |          [01;31m[K^~~~~~~~~~~~~~~[m[K
[15.735s] [01m[K/home/ihw/workspace/AutonomousVehiclePlatform/ws_px4_control/src/px4_ros_com/src/examples/offboard/offboard_waypoint_map.cpp:155:13:[m[K [01;31m[Kerror: [m[Kâ€˜[01m[Kstate_[m[Kâ€™ was not declared in this scope; did you mean â€˜[01m[KState[m[Kâ€™?
[15.735s]   155 |     switch ([01;31m[Kstate_[m[K) {
[15.735s]       |             [01;31m[K^~~~~~[m[K
[15.735s]       |             [32m[KState[m[K
[15.760s] [01m[K/home/ihw/workspace/AutonomousVehiclePlatform/ws_px4_control/src/px4_ros_com/src/examples/offboard/offboard_waypoint_map.cpp:[m[K In member function â€˜[01m[Kvoid OffboardWaypointMap::handleInit()[m[Kâ€™:
[15.760s] [01m[K/home/ihw/workspace/AutonomousVehiclePlatform/ws_px4_control/src/px4_ros_com/src/examples/offboard/offboard_waypoint_map.cpp:172:5:[m[K [01;31m[Kerror: [m[Kâ€˜[01m[Kstart_local_pos_[m[Kâ€™ was not declared in this scope
[15.760s]   172 |     [01;31m[Kstart_local_pos_[m[K = last_local_pos_;
[15.760s]       |     [01;31m[K^~~~~~~~~~~~~~~~[m[K
[15.793s] [01m[K/home/ihw/workspace/AutonomousVehiclePlatform/ws_px4_control/src/px4_ros_com/src/examples/offboard/offboard_waypoint_map.cpp:172:24:[m[K [01;31m[Kerror: [m[Kâ€˜[01m[Klast_local_pos_[m[Kâ€™ was not declared in this scope
[15.793s]   172 |     start_local_pos_ = [01;31m[Klast_local_pos_[m[K;
[15.793s]       |                        [01;31m[K^~~~~~~~~~~~~~~[m[K
[15.821s] [01m[K/home/ihw/workspace/AutonomousVehiclePlatform/ws_px4_control/src/px4_ros_com/src/examples/offboard/offboard_waypoint_map.cpp:174:5:[m[K [01;31m[Kerror: [m[Kâ€˜[01m[Kstate_[m[Kâ€™ was not declared in this scope; did you mean â€˜[01m[KState[m[Kâ€™?
[15.821s]   174 |     [01;31m[Kstate_[m[K = State::TAKEOFF;
[15.821s]       |     [01;31m[K^~~~~~[m[K
[15.821s]       |     [32m[KState[m[K
[15.863s] [01m[K/home/ihw/workspace/AutonomousVehiclePlatform/ws_px4_control/src/px4_ros_com/src/examples/offboard/offboard_waypoint_map.cpp:[m[K In member function â€˜[01m[Kvoid OffboardWaypointMap::handleTakeoff()[m[Kâ€™:
[15.864s] [01m[K/home/ihw/workspace/AutonomousVehiclePlatform/ws_px4_control/src/px4_ros_com/src/examples/offboard/offboard_waypoint_map.cpp:179:22:[m[K [01;31m[Kerror: [m[Kâ€˜[01m[Kstart_local_pos_[m[Kâ€™ was not declared in this scope
[15.864s]   179 |     float target_z = [01;31m[Kstart_local_pos_[m[K->z - takeoff_alt_m_;
[15.865s]       |                      [01;31m[K^~~~~~~~~~~~~~~~[m[K
[15.898s] [01m[K/home/ihw/workspace/AutonomousVehiclePlatform/ws_px4_control/src/px4_ros_com/src/examples/offboard/offboard_waypoint_map.cpp:179:44:[m[K [01;31m[Kerror: [m[Kâ€˜[01m[Ktakeoff_alt_m_[m[Kâ€™ was not declared in this scope
[15.899s]   179 |     float target_z = start_local_pos_->z - [01;31m[Ktakeoff_alt_m_[m[K;
[15.899s]       |                                            [01;31m[K^~~~~~~~~~~~~~[m[K
[15.935s] [01m[K/home/ihw/workspace/AutonomousVehiclePlatform/ws_px4_control/src/px4_ros_com/src/examples/offboard/offboard_waypoint_map.cpp:181:19:[m[K [01;31m[Kerror: [m[Kâ€˜[01m[Klast_local_pos_[m[Kâ€™ was not declared in this scope
[15.936s]   181 |     if (std::fabs([01;31m[Klast_local_pos_[m[K->z - target_z) < 0.5f) {
[15.937s]       |                   [01;31m[K^~~~~~~~~~~~~~~[m[K
[15.965s] [01m[K/home/ihw/workspace/AutonomousVehiclePlatform/ws_px4_control/src/px4_ros_com/src/examples/offboard/offboard_waypoint_map.cpp:183:7:[m[K [01;31m[Kerror: [m[Kâ€˜[01m[Kstate_[m[Kâ€™ was not declared in this scope; did you mean â€˜[01m[KState[m[Kâ€™?
[15.965s]   183 |       [01;31m[Kstate_[m[K = State::MISSION;
[15.965s]       |       [01;31m[K^~~~~~[m[K
[15.965s]       |       [32m[KState[m[K
[15.990s] [01m[K/home/ihw/workspace/AutonomousVehiclePlatform/ws_px4_control/src/px4_ros_com/src/examples/offboard/offboard_waypoint_map.cpp:[m[K In member function â€˜[01m[Kvoid OffboardWaypointMap::handleMission()[m[Kâ€™:
[15.991s] [01m[K/home/ihw/workspace/AutonomousVehiclePlatform/ws_px4_control/src/px4_ros_com/src/examples/offboard/offboard_waypoint_map.cpp:190:116:[m[K [01;31m[Kerror: [m[Kâ€˜[01m[Kstate_[m[Kâ€™ was not declared in this scope; did you mean â€˜[01m[KState[m[Kâ€™?
[15.991s]   190 | leCmd(px4_msgs::msg::VehicleCommand::VEHICLE_CMD_NAV_LAND); [01;31m[Kstate_[m[K = State::LAND; return; }
[15.991s]       |                                                             [01;31m[K^~~~~~[m[K
[15.992s]       |                                                             [32m[KState[m[K
[16.031s] [01m[K/home/ihw/workspace/AutonomousVehiclePlatform/ws_px4_control/src/px4_ros_com/src/examples/offboard/offboard_waypoint_map.cpp:194:19:[m[K [01;31m[Kerror: [m[Kâ€˜[01m[Klast_local_pos_[m[Kâ€™ was not declared in this scope
[16.032s]   194 |     float tgt_x = [01;31m[Klast_local_pos_[m[K->x + dN; float tgt_y = last_local_pos_->y + dE; float tgt_z = last_local_pos_->z - dU;
[16.032s]       |                   [01;31m[K^~~~~~~~~~~~~~~[m[K
[16.060s] [01m[K/home/ihw/workspace/AutonomousVehiclePlatform/ws_px4_control/src/px4_ros_com/src/examples/offboard/offboard_waypoint_map.cpp:[m[K In member function â€˜[01m[Kvoid OffboardWaypointMap::publishHoldSetpoint()[m[Kâ€™:
[16.060s] [01m[K/home/ihw/workspace/AutonomousVehiclePlatform/ws_px4_control/src/px4_ros_com/src/examples/offboard/offboard_waypoint_map.cpp:200:37:[m[K [01;31m[Kerror: [m[Kâ€˜[01m[Klast_local_pos_[m[Kâ€™ was not declared in this scope
[16.061s]   200 |   void publishHoldSetpoint() { if (![01;31m[Klast_local_pos_[m[K) return; publishSetpointNED(last_local_pos_->x,last_local_pos_->y,last_local_pos_->z); }
[16.061s]       |                                     [01;31m[K^~~~~~~~~~~~~~~[m[K
[16.088s] [01m[K/home/ihw/workspace/AutonomousVehiclePlatform/ws_px4_control/src/px4_ros_com/src/examples/offboard/offboard_waypoint_map.cpp:200:81:[m[K [01;31m[Kerror: [m[Kâ€˜[01m[Klast_local_pos_[m[Kâ€™ was not declared in this scope
[16.088s]   200 | tpoint() { if (!last_local_pos_) return; publishSetpointNED([01;31m[Klast_local_pos_[m[K->x,last_local_pos_->y,last_local_pos_->z); }
[16.089s]       |                                                             [01;31m[K^~~~~~~~~~~~~~~[m[K
[16.089s] 
[16.091s] [01m[K/home/ihw/workspace/AutonomousVehiclePlatform/ws_px4_control/src/px4_ros_com/src/examples/offboard/offboard_waypoint_map.cpp:[m[K At global scope:
[16.091s] [01m[K/home/ihw/workspace/AutonomousVehiclePlatform/ws_px4_control/src/px4_ros_com/src/examples/offboard/offboard_waypoint_map.cpp:219:39:[m[K [01;31m[Kerror: [m[Kexpected unqualified-id at end of input
[16.091s]   219 |   std::optional<px4_msgs::msg::Vehicle
[16.091s]       |                                       [01;31m[K^[m[K
[30.156s] gmake[2]: *** [CMakeFiles/offboard_waypoint_map.dir/build.make:76: CMakeFiles/offboard_waypoint_map.dir/src/examples/offboard/offboard_waypoint_map.cpp.o] Error 1
[30.157s] gmake[1]: *** [CMakeFiles/Makefile2:333: CMakeFiles/offboard_waypoint_map.dir/all] Error 2
[30.157s] gmake: *** [Makefile:146: all] Error 2
[30.204s] Invoked command in '/home/ihw/workspace/AutonomousVehiclePlatform/ws_px4_control/build/px4_ros_com' returned '2': CMAKE_PREFIX_PATH=/home/ihw/workspace/AutonomousVehiclePlatform/ws_px4_control/install/px4_msgs:/home/ihw/workspace/AutonomousVehiclePlatform/ws_px4_control/install/utilities_pkg:/home/ihw/workspace/AutonomousVehiclePlatform/ws_px4_control/install/px4_ros_com:/home/ihw/workspace/kai_2025/install/yolo_bringup:/home/ihw/workspace/kai_2025/install/yolo_msgs:/home/ihw/workspace/kai_2025/install/usb_cam:/home/ihw/workspace/kai_2025/install/reference_path_classifier:/home/ihw/workspace/AutonomousVehiclePlatform/ws_px4_control/install/ofb_ctrl:/home/ihw/workspace/kai_2025/install/yolo_ros:/home/ihw/workspace/kai_2025/install/simple_slam:/home/ihw/workspace/kai_2025/install/ros2_camera_lidar_fusion_l:/home/ihw/workspace/kai_2025/install/ros2_camera_lidar_fusion_c:/home/ihw/workspace/kai_2025/install/ros2_camera_lidar_fusion:/home/ihw/workspace/kai_2025/install/hungarian_association:/opt/ros/humble:/home/ihw/workspace/kai_2025/install/pure_pursuit_controller:/home/ihw/workspace/kai_2025/install/ouster_ros:/home/ihw/workspace/kai_2025/install/ouster_sensor_msgs:/home/ihw/workspace/kai_2025/install/motion_track_controller:/home/ihw/workspace/kai_2025/install/gps_global_planner:/home/ihw/workspace/kai_2025/install/cones_ukf:/home/ihw/workspace/kai_2025/install/cones_no_color:/home/ihw/workspace/kai_2025/install/cone_detection:/home/ihw/workspace/kai_2025/install/custom_interface:/home/ihw/workspace/kai_2025/install/ackermann_msgs LD_LIBRARY_PATH=/home/ihw/workspace/AutonomousVehiclePlatform/ws_px4_control/install/px4_msgs/lib:/home/ihw/workspace/AutonomousVehiclePlatform/ws_px4_control/install/px4_ros_com/lib:/home/ihw/workspace/kai_2025/install/yolo_msgs/lib:/home/ihw/workspace/kai_2025/install/usb_cam/lib:/home/ihw/workspace/kai_2025/install/ouster_ros/lib:/home/ihw/workspace/kai_2025/install/ouster_sensor_msgs/lib:/home/ihw/workspace/kai_2025/install/custom_interface/lib:/home/ihw/workspace/kai_2025/install/ackermann_msgs/lib:/opt/ros/humble/opt/rviz_ogre_vendor/lib:/opt/ros/humble/lib/x86_64-linux-gnu:/opt/ros/humble/lib /usr/bin/cmake --build /home/ihw/workspace/AutonomousVehiclePlatform/ws_px4_control/build/px4_ros_com -- -j16 -l16
